<?xml version="1.0" encoding="UTF-8"?>
<!-- Generated by org.testng.reporters.JUnitReportReporter -->
<testsuite hostname="Arvind" failures="0" tests="1" name="com.commanMethods.Example" time="0.010" errors="0" timestamp="2024-04-02T22:28:20 IST" skipped="0">
  <testcase classname="com.commanMethods.Example" name="data" time="0.010"/>
  <system-out/>
</testsuite> <!-- com.commanMethods.Example -->
